<?xml version="1.0" encoding="UTF-8"?>
<testng-results skipped="0" failed="0" total="1" passed="1">
  <reporter-output>
  </reporter-output>
  <suite name="Default suite" duration-ms="6259" started-at="2022-04-12T09:38:43Z" finished-at="2022-04-12T09:38:49Z">
    <groups>
    </groups>
    <test name="Default test" duration-ms="6259" started-at="2022-04-12T09:38:43Z" finished-at="2022-04-12T09:38:49Z">
      <class name="POM.VerifyLoginSalesforce">
        <test-method status="PASS" signature="TestUser()[pri:0, instance:POM.VerifyLoginSalesforce@f5f2bb7]" name="TestUser" duration-ms="6246" started-at="2022-04-12T15:08:43Z" finished-at="2022-04-12T15:08:49Z">
          <reporter-output>
          </reporter-output>
        </test-method> <!-- TestUser -->
      </class> <!-- POM.VerifyLoginSalesforce -->
    </test> <!-- Default test -->
  </suite> <!-- Default suite -->
</testng-results>
